<?xml version="1.0" encoding="UTF-8"?>
<testsuite xmlns:xsi="http://www.w3.org/2001/XMLSchema-instance" xsi:noNamespaceSchemaLocation="https://maven.apache.org/surefire/maven-surefire-plugin/xsd/surefire-test-report.xsd" name="org.example.lab.agh.ReaderTest" time="0.218" tests="8" errors="0" skipped="0" failures="0">
  <properties>
[...]
</properties>
  <testcase name="testSetAndGetIDofReader" classname="org.example.lab.agh.ReaderTest" time="0"/>
  <testcase name="testSetAndGetLibrary" classname="org.example.lab.agh.ReaderTest" time="0.002"/>
  <testcase name="testSetAndGetWrit" classname="org.example.lab.agh.ReaderTest" time="0.001"/>
  <testcase name="testRunAddsReaderToWaitingListAndImmediatelyToActiveList" classname="org.example.lab.agh.ReaderTest" time="0.104"/>
  <testcase name="testRunAcquiresAndReleasesMutex" classname="org.example.lab.agh.ReaderTest" time="0.108"/>
  <testcase name="testSetAndGetMutex" classname="org.example.lab.agh.ReaderTest" time="0"/>
  <testcase name="testSetAndGetQueue" classname="org.example.lab.agh.ReaderTest" time="0"/>
  <testcase name="testReaderInitialization" classname="org.example.lab.agh.ReaderTest" time="0"/>
</testsuite>